# 
# Steps log generated by v++
# This log file contains a collection of steps that describe the kernel compilation flow
# Note: Some steps are tagged as internal, these steps are for debugging purposes and 
#       are not expected to be able to run independently.
# 

# The following environment variables are set when running v++
Environment variables :
------------------------------------------
SHELL=/bin/bash
COLORTERM=truecolor
TERM_PROGRAM_VERSION=1.93.1
RDI_APPROOT=/opt/Xilinx/Vitis/2024.1
RDI_JAVA_PLATFORM=
LANGUAGE=en_US:en
MAKE_TERMOUT=/dev/pts/10
XIL_SUPPRESS_OVERRIDE_WARNINGS=1
RDI_BINROOT=/opt/Xilinx/Vitis/2024.1/bin
LC_ADDRESS=zh_CN.UTF-8
XILINX_VIVADO=/opt/Xilinx/Vivado/2024.1
LC_NAME=zh_CN.UTF-8
RDI_OPT_EXT=.o
RDI_INSTALLVER=2024.1
RDI_INSTALLROOT=/opt/Xilinx
RDI_PATCHROOT=
LC_MONETARY=zh_CN.UTF-8
XILINX_XRT=/opt/xilinx/xrt
XIL_NO_OVERRIDE=0
RDI_LIBDIR=/opt/Xilinx/Vitis/2024.1/lib/lnx64.o/Ubuntu/22:/opt/Xilinx/Vitis/2024.1/lib/lnx64.o/Ubuntu:/opt/Xilinx/Vitis/2024.1/lib/lnx64.o
PWD=/data-ssd/home/cong/MICS-6001C-Labs/Lab1/PartA
LOGNAME=cong
XDG_SESSION_TYPE=tty
_RDI_DONT_SET_XILINX_AS_PATH=True
MODULESHOME=/data-hdd/apps/modules-5.4.0
VSCODE_GIT_ASKPASS_NODE=/data-ssd/home/cong/.vscode-server/cli/servers/Stable-38c31bc77e0dd6ae88a4e9cc93428cc27a56ba40/server/node
RDI_PREPEND_PATH=/opt/Xilinx/Vitis/2024.1/bin
XILINX_DSP=
MOTD_SHOWN=pam
HOME=/data-ssd/home/cong
SYNTH_COMMON=/opt/Xilinx/Vitis/2024.1/scripts/rt/data
LANG=en_US.UTF-8
LC_PAPER=zh_CN.UTF-8
SSL_CERT_DIR=/usr/lib/ssl/certs
XILINX_HLS=/opt/Xilinx/Vitis_HLS/2024.1
GIT_ASKPASS=/data-ssd/home/cong/.vscode-server/cli/servers/Stable-38c31bc77e0dd6ae88a4e9cc93428cc27a56ba40/server/extensions/git/dist/askpass.sh
HDI_PROCESSOR=x86_64
RDI_BUILD=yes
RDI_PROG=/opt/Xilinx/Vitis/2024.1/bin/unwrapped/lnx64.o/v++
SSH_CONNECTION=10.7.128.237 50187 192.168.200.206 22
RDI_SESSION_INFO=/data-ssd/home/cong/MICS-6001C-Labs/Lab1/PartA:fpga03_1727533349_119810
RT_TCL_PATH=/opt/Xilinx/Vitis/2024.1/scripts/rt/base_tcl/tcl
MFLAGS=
XILINX_SDK=/opt/Xilinx/Vitis/2024.1
VSCODE_GIT_ASKPASS_EXTRA_ARGS=
RDI_SHARED_DATA=/opt/Xilinx/SharedData/2024.1/data
MAKEFLAGS=
XDG_SESSION_CLASS=user
PYTHONPATH=/opt/xilinx/xrt/python
TERM=xterm-256color
LC_IDENTIFICATION=zh_CN.UTF-8
USER=cong
MAKE_TERMERR=/dev/pts/10
XILINX_PLANAHEAD=/opt/Xilinx/Vitis/2024.1
VSCODE_GIT_IPC_HANDLE=/run/user/11021/vscode-git-49dcfa1c4c.sock
RDI_BASEROOT=/opt/Xilinx/Vitis
RDI_TPS_ROOT=/opt/Xilinx/Vivado/2024.1/tps/lnx64
RDI_JAVA_VERSION=21.0.1_12
LOADEDMODULES=
RDI_DATADIR=/opt/Xilinx/SharedData/2024.1/data:/opt/Xilinx/Vitis/2024.1/data
SHLVL=4
MAKELEVEL=1
LC_TELEPHONE=zh_CN.UTF-8
LC_MEASUREMENT=zh_CN.UTF-8
XILINX_VIVADO_HLS=/opt/Xilinx/Vivado/2024.1
XIL_CHECK_TCL_DEBUG=False
XDG_SESSION_ID=1051
LD_LIBRARY_PATH=/opt/Xilinx/Vitis/2024.1/tps/lnx64/java-cef-95.0.4638.69/bin/lib/linux64:/opt/Xilinx/Vitis/2024.1/lib/lnx64.o/Ubuntu/22:/opt/Xilinx/Vitis/2024.1/lib/lnx64.o/Ubuntu:/opt/Xilinx/Vitis/2024.1/lib/lnx64.o:/opt/Xilinx/Vitis/2024.1/tps/lnx64/jre21.0.1_12/lib/:/opt/Xilinx/Vitis/2024.1/tps/lnx64/jre21.0.1_12/lib//server:/opt/Xilinx/Vitis/2024.1/lib/lnx64.o/Ubuntu/22:/opt/Xilinx/Vitis/2024.1/lib/lnx64.o/Ubuntu:/opt/Xilinx/Vitis/2024.1/lib/lnx64.o:/opt/xilinx/xrt/lib:/opt/Xilinx/Vitis/2024.1/bin/../lnx64/tools/dot/lib
HDIPRELDPATH=/opt/Xilinx/Vitis/2024.1/lib/lnx64.o/Ubuntu/22:/opt/Xilinx/Vitis/2024.1/lib/lnx64.o/Ubuntu:/opt/Xilinx/Vitis/2024.1/lib/lnx64.o:/opt/xilinx/xrt/lib:/opt/Xilinx/Vitis/2024.1/bin/../lnx64/tools/dot/lib
XDG_RUNTIME_DIR=/run/user/11021
SSL_CERT_FILE=/usr/lib/ssl/certs/ca-certificates.crt
TCMALLOC_LARGE_ALLOC_REPORT_THRESHOLD=4294967296
SSH_CLIENT=10.7.128.237 50187 22
__MODULES_LMINIT=module use --append /data-hdd/apps/modules-5.4.0/modulefiles
LC_TIME=zh_CN.UTF-8
TCL_LIBRARY=/opt/Xilinx/Vitis/2024.1/tps/tcl/tcl8.6
LC_ALL=en_US.UTF-8
VSCODE_GIT_ASKPASS_MAIN=/data-ssd/home/cong/.vscode-server/cli/servers/Stable-38c31bc77e0dd6ae88a4e9cc93428cc27a56ba40/server/extensions/git/dist/askpass-main.js
XDG_DATA_DIRS=/usr/share/gnome:/usr/local/share:/usr/share:/var/lib/snapd/desktop
BROWSER=/data-ssd/home/cong/.vscode-server/cli/servers/Stable-38c31bc77e0dd6ae88a4e9cc93428cc27a56ba40/server/bin/helpers/browser.sh
PATH=/opt/Xilinx/Vivado/2024.1/tps/lnx64/binutils-2.26/bin:/opt/Xilinx/Vitis/2024.1/bin/../gnu/aarch64/lin/aarch64-linux/bin:/opt/Xilinx/Vitis/2024.1/bin/../gnu/ppc64le/4.9.3/lnx64/bin:/opt/Xilinx/Vitis/2024.1/bin/../gnu/aarch32/lin/gcc-arm-linux-gnueabi/bin:/opt/Xilinx/Vivado/2024.1/tps/lnx64/gcc-8.3.0/bin:/opt/Xilinx/Vivado/2024.1/gnu/microblaze/lin/bin:/opt/Xilinx/Vitis/2024.1/bin:/opt/Xilinx/Vitis/2024.1/tps/lnx64/jre21.0.1_12/bin:/opt/Xilinx/Vivado/2024.1/bin:/opt/xilinx/xrt/bin:/opt/Xilinx/Model_Composer/2024.1/bin:/opt/Xilinx/PDM/2024.1/bin:/opt/Xilinx/Vitis_HLS/2024.1/bin:/opt/Xilinx/Vitis/2024.1/gnu/microblaze/lin/bin:/opt/Xilinx/Vitis/2024.1/gnu/microblaze/linux_toolchain/lin64_le/bin:/opt/Xilinx/Vitis/2024.1/gnu/aarch32/lin/gcc-arm-linux-gnueabi/bin:/opt/Xilinx/Vitis/2024.1/gnu/aarch32/lin/gcc-arm-none-eabi/bin:/opt/Xilinx/Vitis/2024.1/gnu/aarch64/lin/aarch64-linux/bin:/opt/Xilinx/Vitis/2024.1/gnu/aarch64/lin/aarch64-none/bin:/opt/Xilinx/Vitis/2024.1/gnu/armr5/lin/gcc-arm-none-eabi/bin:/opt/Xilinx/Vitis/2024.1/aietools/bin:/opt/Xilinx/Vitis/2024.1/gnu/riscv/lin/riscv64-unknown-elf/bin:/opt/Xilinx/DocNav:/data-ssd/home/cong/.local/bin:/data-ssd/home/cong/bin:/data-hdd/apps/slurm/bin:/usr/local/sbin:/usr/local/bin:/usr/sbin:/usr/bin:/sbin:/bin:/usr/games:/usr/local/games:/snap/bin
RT_LIBPATH=/opt/Xilinx/Vitis/2024.1/scripts/rt/data
MODULEPATH=/data-hdd/apps/modules-5.4.0/modulefiles/tools
HDI_APPROOT=/opt/Xilinx/Vitis/2024.1
DBUS_SESSION_BUS_ADDRESS=unix:path=/run/user/11021/bus
RDI_PLATFORM=lnx64
MYVIVADO=
ISL_IOSTREAMS_RSA=/opt/Xilinx/Vitis/2024.1/tps/isl
LC_NUMERIC=zh_CN.UTF-8
XILINX_VITIS=/opt/Xilinx/Vitis/2024.1
OLDPWD=/opt/Xilinx/Vitis/2024.1/bin
MODULES_CMD=/data-hdd/apps/modules-5.4.0/libexec/modulecmd.tcl
TERM_PROGRAM=vscode
VSCODE_IPC_HOOK_CLI=/run/user/11021/vscode-ipc-86172a8e-4b57-402a-9fca-bfe837564ad0.sock
BASH_FUNC_ml%%=() {  module ml "$@"
}
BASH_FUNC_module%%=() {  local _mlredir=0;
 if [ -n "${MODULES_REDIRECT_OUTPUT+x}" ]; then
 if [ "$MODULES_REDIRECT_OUTPUT" = '0' ]; then
 _mlredir=0;
 else
 if [ "$MODULES_REDIRECT_OUTPUT" = '1' ]; then
 _mlredir=1;
 fi;
 fi;
 fi;
 case " $@ " in 
 *' --no-redirect '*)
 _mlredir=0
 ;;
 *' --redirect '*)
 _mlredir=1
 ;;
 esac;
 if [ $_mlredir -eq 0 ]; then
 _module_raw "$@";
 else
 _module_raw "$@" 2>&1;
 fi
}
BASH_FUNC__module_raw%%=() {  eval "$(/usr/bin/tclsh '/data-hdd/apps/modules-5.4.0/libexec/modulecmd.tcl' bash "$@")";
 _mlstatus=$?;
 return $_mlstatus
}
_=/opt/Xilinx/Vitis/2024.1/bin/unwrapped/lnx64.o/v++
XILINX_CD_CONNECT_ID=38965
XILINX_CD_SESSION=2d43bba9-4273-45ac-8c33-17e09ff8cace


V++ command line:
------------------------------------------
/opt/Xilinx/Vitis/2024.1/bin/unwrapped/lnx64.o/v++ -c --mode hls --config ./hls_config.cfg --work_dir ./build_hls 

FINAL PROGRAM OPTIONS
--compile
--config ./hls_config.cfg
--hls.clock 8ns
--hls.clock_uncertainty 12%
--hls.flow_target vitis
--hls.syn.file ./src/real_matmul.cpp
--hls.syn.output.format rtl
--hls.syn.top real_matmul
--hls.tb.file ./src/tb_main.cpp
--mode hls
--part xcu250-figd2104-2l-e
--target hw
--work_dir ./build_hls

PARSED COMMAND LINE OPTIONS
-c 
--mode hls 
--config ./hls_config.cfg 
--work_dir ./build_hls 

PARSED CONFIG FILE (1) OPTIONS
file: ./hls_config.cfg
part xcu250-figd2104-2l-e 
hls.syn.file ./src/real_matmul.cpp 
hls.syn.top real_matmul 
hls.tb.file ./src/tb_main.cpp 
hls.flow_target vitis 
hls.clock 8ns 
hls.clock_uncertainty 12% 
hls.syn.output.format rtl 


==========================================
new:  steps log generated by v++ for new launch 
timestamp: 28 Sep 2024 22:22:33
------------------------------------------
V++ internal step: writing a config file for vitis_hls: /data-ssd/home/cong/MICS-6001C-Labs/Lab1/PartA/build_hls/hls/config.cmdline
timestamp: 28 Sep 2024 22:22:33
V++ internal step status: success
------------------------------------------
V++ internal step: running vitis_hls
timestamp: 28 Sep 2024 22:22:33
working dir: /data-ssd/home/cong/MICS-6001C-Labs/Lab1/PartA
cmd: vitis_hls -nolog -run csynth -work_dir /data-ssd/home/cong/MICS-6001C-Labs/Lab1/PartA/build_hls -config /data-ssd/home/cong/MICS-6001C-Labs/Lab1/PartA/./hls_config.cfg -cmdlineconfig /data-ssd/home/cong/MICS-6001C-Labs/Lab1/PartA/build_hls/hls/config.cmdline
V++ internal step status: success

------------------------------------------
V++ command line :
------------------------------------------
/opt/Xilinx/Vitis/2024.1/bin/unwrapped/lnx64.o/v++ -c --mode hls --config ./hls_config.cfg --work_dir ./build_hls 
  Options from -O    : 
  Options from *.ini : 
  Options from Hw Platform : 

==========================================
new:  steps log generated by v++ for new launch 
timestamp: 28 Sep 2024 22:24:27
------------------------------------------
V++ internal step: writing a config file for vitis_hls: /data-ssd/home/cong/MICS-6001C-Labs/Lab1/PartA/build_hls/hls/config.cmdline
timestamp: 28 Sep 2024 22:24:27
V++ internal step status: success
------------------------------------------
V++ internal step: running vitis_hls
timestamp: 28 Sep 2024 22:24:27
working dir: /data-ssd/home/cong/MICS-6001C-Labs/Lab1/PartA
cmd: vitis_hls -nolog -run csynth -work_dir /data-ssd/home/cong/MICS-6001C-Labs/Lab1/PartA/build_hls -config /data-ssd/home/cong/MICS-6001C-Labs/Lab1/PartA/./hls_config.cfg -cmdlineconfig /data-ssd/home/cong/MICS-6001C-Labs/Lab1/PartA/build_hls/hls/config.cmdline
V++ internal step status: success
