directive:1:9: warning: HLS pragma dump _XLX_SEP_ PragmaIsValid=1_XLX_SEP_ PragmaType=top_XLX_SEP_ PragmaContext=directive_XLX_SEP_ PragmaFunction=real_matmul_XLX_SEP_ PragmaOptions=name=real_matmul_XLX_SEP_ [-Wdump-hls-pragmas]
#pragma HLSDIRECTIVE TOP name=real_matmul
        ^
src/real_matmul.cpp:15:9: warning: HLS pragma dump _XLX_SEP_ PragmaIsValid=1_XLX_SEP_ PragmaType=interface_XLX_SEP_ PragmaContext=_XLX_SEP_ PragmaFunction=real_matmul_XLX_SEP_ PragmaOptions=m_axi depth=1 port=MatA_DRAM offset=slave bundle=mem_XLX_SEP_ [-Wdump-hls-pragmas]
#pragma HLS interface m_axi depth=1 port=MatA_DRAM offset=slave bundle=mem
        ^
src/real_matmul.cpp:16:9: warning: HLS pragma dump _XLX_SEP_ PragmaIsValid=1_XLX_SEP_ PragmaType=interface_XLX_SEP_ PragmaContext=_XLX_SEP_ PragmaFunction=real_matmul_XLX_SEP_ PragmaOptions=m_axi depth=1 port=MatB_DRAM offset=slave bundle=mem_XLX_SEP_ [-Wdump-hls-pragmas]
#pragma HLS interface m_axi depth=1 port=MatB_DRAM offset=slave bundle=mem
        ^
src/real_matmul.cpp:17:9: warning: HLS pragma dump _XLX_SEP_ PragmaIsValid=1_XLX_SEP_ PragmaType=interface_XLX_SEP_ PragmaContext=_XLX_SEP_ PragmaFunction=real_matmul_XLX_SEP_ PragmaOptions=m_axi depth=1 port=MatC_DRAM offset=slave bundle=mem_XLX_SEP_ [-Wdump-hls-pragmas]
#pragma HLS interface m_axi depth=1 port=MatC_DRAM offset=slave bundle=mem
        ^
src/real_matmul.cpp:19:9: warning: HLS pragma dump _XLX_SEP_ PragmaIsValid=1_XLX_SEP_ PragmaType=interface_XLX_SEP_ PragmaContext=_XLX_SEP_ PragmaFunction=real_matmul_XLX_SEP_ PragmaOptions=s_axilite port=return_XLX_SEP_ [-Wdump-hls-pragmas]
#pragma HLS interface s_axilite port=return
        ^
src/real_matmul.cpp:43:9: warning: HLS pragma dump _XLX_SEP_ PragmaIsValid=1_XLX_SEP_ PragmaType=array_reshape_XLX_SEP_ PragmaContext=_XLX_SEP_ PragmaFunction=real_matmul_XLX_SEP_ PragmaOptions=variable=MatA complete dim=2_XLX_SEP_ [-Wdump-hls-pragmas]
#pragma HLS ARRAY_RESHAPE variable=MatA complete dim=2
        ^
src/real_matmul.cpp:44:9: warning: HLS pragma dump _XLX_SEP_ PragmaIsValid=1_XLX_SEP_ PragmaType=array_reshape_XLX_SEP_ PragmaContext=_XLX_SEP_ PragmaFunction=real_matmul_XLX_SEP_ PragmaOptions=variable=MatB complete dim=1_XLX_SEP_ [-Wdump-hls-pragmas]
#pragma HLS ARRAY_RESHAPE variable=MatB complete dim=1
        ^
src/real_matmul.cpp:60:9: warning: HLS pragma dump _XLX_SEP_ PragmaIsValid=1_XLX_SEP_ PragmaType=pipeline_XLX_SEP_ PragmaContext=_XLX_SEP_ PragmaFunction=real_matmul_XLX_SEP_ PragmaOptions=II = 1_XLX_SEP_ [-Wdump-hls-pragmas]
#pragma HLS PIPELINE II = 1
        ^
8 warnings generated.
