/data-ssd/home/cong/MICS-6001C-Labs/Lab1/PartA/build_hls/hls/.autopilot/db/real_matmul.pp.0.cpp:3810:7: warning: Added loop label VITIS_LOOP_1223_1:   [xilinx-label-all-loops]
      for (i = 0; i < __N - 1; ++i) {
      ^~~
      VITIS_LOOP_1223_1: 
/data-ssd/home/cong/MICS-6001C-Labs/Lab1/PartA/build_hls/hls/.autopilot/db/real_matmul.pp.0.cpp:3810:7: note: FIX-IT applied suggested code changes
/data-ssd/home/cong/MICS-6001C-Labs/Lab1/PartA/build_hls/hls/.autopilot/db/real_matmul.pp.0.cpp:4784:5: warning: Added loop label VITIS_LOOP_676_1:   [xilinx-label-all-loops]
    for (unsigned i = low; i != high; ++i) {
    ^~~
    VITIS_LOOP_676_1: 
/data-ssd/home/cong/MICS-6001C-Labs/Lab1/PartA/build_hls/hls/.autopilot/db/real_matmul.pp.0.cpp:4784:5: note: FIX-IT applied suggested code changes
/data-ssd/home/cong/MICS-6001C-Labs/Lab1/PartA/build_hls/hls/.autopilot/db/real_matmul.pp.0.cpp:4798:5: warning: Added loop label VITIS_LOOP_690_1:   [xilinx-label-all-loops]
    for (unsigned i = low; i != high; ++i) {
    ^~~
    VITIS_LOOP_690_1: 
/data-ssd/home/cong/MICS-6001C-Labs/Lab1/PartA/build_hls/hls/.autopilot/db/real_matmul.pp.0.cpp:4798:5: note: FIX-IT applied suggested code changes
/data-ssd/home/cong/MICS-6001C-Labs/Lab1/PartA/build_hls/hls/.autopilot/db/real_matmul.pp.0.cpp:4812:5: warning: Added loop label VITIS_LOOP_704_1:   [xilinx-label-all-loops]
    for (unsigned i = low; i != high; ++i) {
    ^~~
    VITIS_LOOP_704_1: 
/data-ssd/home/cong/MICS-6001C-Labs/Lab1/PartA/build_hls/hls/.autopilot/db/real_matmul.pp.0.cpp:4812:5: note: FIX-IT applied suggested code changes
/data-ssd/home/cong/MICS-6001C-Labs/Lab1/PartA/build_hls/hls/.autopilot/db/real_matmul.pp.0.cpp:6441:7: warning: Added loop label VITIS_LOOP_1247_1:   [xilinx-label-all-loops]
      for (i = 0; i < __N - 1; ++i) {
      ^~~
      VITIS_LOOP_1247_1: 
/data-ssd/home/cong/MICS-6001C-Labs/Lab1/PartA/build_hls/hls/.autopilot/db/real_matmul.pp.0.cpp:6441:7: note: FIX-IT applied suggested code changes
