================================================================
== Design Size Report
================================================================

* Total Instructions per Compilation Phase
+---------------+-----------------------------+--------------+----------------------------------------------------------------------------------------+
| Phase         | Step                        | Instructions | Description                                                                            |
+---------------+-----------------------------+--------------+----------------------------------------------------------------------------------------+
| Compile/Link  |                             |   291        | After all functions are compiled and linked into a single design                       |
|               |                             |              |                                                                                        |
| Unroll/Inline |                             |              | After user unroll and inline pragmas are applied                                       |
|               | (1) unroll                  | 1,006        | user unroll pragmas are applied                                                        |
|               | (2) simplification          |   987        | simplification of applied user unroll pragmas                                          |
|               | (3) inline                  |   981        | user inline pragmas are applied                                                        |
|               | (4) simplification          |   981        | simplification of applied user inline pragmas                                          |
|               |                             |              |                                                                                        |
| Array/Struct  |                             |              | After user array partition and struct aggregate/disaggregate pragmas are applied       |
|               | (1) array partition         |   984        | user array partition pragmas are applied                                               |
|               | (2) simplification          |   984        | simplification of applied user array partition & struct aggregate/disaggregate pragmas |
|               | (3) aggregate/disaggregate  |   987        | user struct aggregate/disaggregate pragmas are applied                                 |
|               | (4) array reshape           | 1,298        | apply array reshape pragmas                                                            |
|               | (5) access patterns         |   740        | array access pattern optmizations                                                      |
|               |                             |              |                                                                                        |
| Performance   |                             |              | After transformations are applied to meet performance pragma targets                   |
|               | (1) loop simplification     |   737        | loop and instruction simplification                                                    |
|               | (2) parallelization         |   736        | loops are unrolled or pipelined to meet performance targets                            |
|               | (3) array partition         |   736        | arrays are partitioned to meet performance targets                                     |
|               | (4) simplification          |   736        | simplification of design after performance transformations                             |
|               |                             |              |                                                                                        |
| HW Transforms |                             |              | After hardware transfomations                                                          |
|               | (1) lowering                |   743        | initial conversion to HW specific instructions                                         |
|               | (2) optimizations           |   770        | high level synthesis optimizations                                                     |
+---------------+-----------------------------+--------------+----------------------------------------------------------------------------------------+

* Instructions per Function for each Compilation Phase
+---------------+--------------------+--------------+---------------+--------------+-------------+---------------+
| Function      | Location           | Compile/Link | Unroll/Inline | Array/Struct | Performance | HW Transforms |
+---------------+--------------------+--------------+---------------+--------------+-------------+---------------+
|   real_matmul | real_matmul.cpp:10 | 291          | 981           | 740          | 736         | 770           |
+---------------+--------------------+--------------+---------------+--------------+-------------+---------------+

* Design Size Message Settings
+---------------------------------------------+--------+------------------------------------------------------------------+
| Message Setting                             | Value  | Description                                                      |
+---------------------------------------------+--------+------------------------------------------------------------------+
| config_compile -design_size_maximum_warning | 100000 | Show a warning when total design instructions exceeds this value |
+---------------------------------------------+--------+------------------------------------------------------------------+


